<?xml version="1.0" encoding="UTF-8"?>
<!-- Generated by org.testng.reporters.JUnitXMLReporter -->
<testsuite ignored="0" hostname="DESKTOP-I0292P0" failures="2" tests="7" name="Lancome Smoke Tests" time="21.391" errors="0" timestamp="2025-10-27T11:00:50 AKDT">
  <testcase classname="com.itg.training.lancome.tests.HomeTest" name="verifyHomePageLogo" time="0.094"/>
  <testcase classname="com.itg.training.lancome.tests.HomeTest" name="clickSignInRegister" time="0.236"/>
  <testcase classname="com.itg.training.lancome.tests.HomeTest" name="verifyLoginWelcomeMessage" time="0.972"/>
  <testcase classname="com.itg.training.lancome.tests.HomeTest" name="enterValidCredentials" time="0.111"/>
  <testcase classname="com.itg.training.lancome.tests.HomeTest" name="clickLoginButton" time="0.157"/>
  <testcase classname="com.itg.training.lancome.tests.HomeTest" name="verifyUserLoggedIn" time="0.282">
    <failure type="java.lang.AssertionError" message="❌ User not logged in successfully! expected [true] but found [false]">
      <![CDATA[java.lang.AssertionError: ❌ User not logged in successfully! expected [true] but found [false]
at com.itg.training.lancome.validation.HomeValidation.verifyUserIsLoggedIn(HomeValidation.java:53)
at com.itg.training.lancome.tests.HomeTest.verifyUserLoggedIn(HomeTest.java:46)
at java.base/java.util.ArrayList.forEach(ArrayList.java:1596)
... Removed 28 stack frames]]>
    </failure>
  </testcase> <!-- verifyUserLoggedIn -->
  <testcase classname="com.itg.training.lancome.tests.HomeTest" name="verifyAccountWelcomeText" time="10.75">
    <failure type="java.lang.RuntimeException" message="org.openqa.selenium.TimeoutException: Expected condition failed: waiting for visibility of element located by By.xpath: //p[contains(normalize-space(),&amp;apos;Welcome to your account at Ballard Designs&amp;apos;)] (tried for 10 second(s) with 500 milliseconds interval)
Build info: version: &amp;apos;4.24.0&amp;apos;, revision: &amp;apos;748ffc9bc3&amp;apos;
System info: os.name: &amp;apos;Windows 11&amp;apos;, os.arch: &amp;apos;amd64&amp;apos;, os.version: &amp;apos;10.0&amp;apos;, java.version: &amp;apos;21.0.8&amp;apos;
Driver info: org.openqa.selenium.chrome.ChromeDriver
Capabilities {acceptInsecureCerts: false, browserName: chrome, browserVersion: 141.0.7390.108, chrome: {chromedriverVersion: 141.0.7390.78 (2b53b0e231fc..., userDataDir: C:\Users\ADMINI~1\AppData\L...}, fedcm:accounts: true, goog:chromeOptions: {debuggerAddress: localhost:54227}, networkConnectionEnabled: false, pageLoadStrategy: normal, platformName: windows, proxy: Proxy(), se:cdp: ws://localhost:54227/devtoo..., se:cdpVersion: 141.0.7390.108, setWindowRect: true, strictFileInteractability: false, timeouts: {implicit: 0, pageLoad: 300000, script: 30000}, unhandledPromptBehavior: dismiss and notify, webauthn:extension:credBlob: true, webauthn:extension:largeBlob: true, webauthn:extension:minPinLength: true, webauthn:extension:prf: true, webauthn:virtualAuthenticators: true}
Session ID: 9a0d65a67494db4b92ecd7fd9ebb2fe8">
      <![CDATA[java.lang.RuntimeException: org.openqa.selenium.TimeoutException: Expected condition failed: waiting for visibility of element located by By.xpath: //p[contains(normalize-space(),'Welcome to your account at Ballard Designs')] (tried for 10 second(s) with 500 milliseconds interval)
Build info: version: '4.24.0', revision: '748ffc9bc3'
System info: os.name: 'Windows 11', os.arch: 'amd64', os.version: '10.0', java.version: '21.0.8'
Driver info: org.openqa.selenium.chrome.ChromeDriver
Capabilities {acceptInsecureCerts: false, browserName: chrome, browserVersion: 141.0.7390.108, chrome: {chromedriverVersion: 141.0.7390.78 (2b53b0e231fc..., userDataDir: C:\Users\ADMINI~1\AppData\L...}, fedcm:accounts: true, goog:chromeOptions: {debuggerAddress: localhost:54227}, networkConnectionEnabled: false, pageLoadStrategy: normal, platformName: windows, proxy: Proxy(), se:cdp: ws://localhost:54227/devtoo..., se:cdpVersion: 141.0.7390.108, setWindowRect: true, strictFileInteractability: false, timeouts: {implicit: 0, pageLoad: 300000, script: 30000}, unhandledPromptBehavior: dismiss and notify, webauthn:extension:credBlob: true, webauthn:extension:largeBlob: true, webauthn:extension:minPinLength: true, webauthn:extension:prf: true, webauthn:virtualAuthenticators: true}
Session ID: 9a0d65a67494db4b92ecd7fd9ebb2fe8
at com.itg.training.lancome.validation.HomeValidation.verifyAccountWelcomeText(HomeValidation.java:75)
at com.itg.training.lancome.tests.HomeTest.verifyAccountWelcomeText(HomeTest.java:52)
at java.base/java.util.ArrayList.forEach(ArrayList.java:1596)
Caused by: org.openqa.selenium.TimeoutException: Expected condition failed: waiting for visibility of element located by By.xpath: //p[contains(normalize-space(),'Welcome to your account at Ballard Designs')] (tried for 10 second(s) with 500 milliseconds interval)
Build info: version: '4.24.0', revision: '748ffc9bc3'
System info: os.name: 'Windows 11', os.arch: 'amd64', os.version: '10.0', java.version: '21.0.8'
Driver info: org.openqa.selenium.chrome.ChromeDriver
Capabilities {acceptInsecureCerts: false, browserName: chrome, browserVersion: 141.0.7390.108, chrome: {chromedriverVersion: 141.0.7390.78 (2b53b0e231fc..., userDataDir: C:\Users\ADMINI~1\AppData\L...}, fedcm:accounts: true, goog:chromeOptions: {debuggerAddress: localhost:54227}, networkConnectionEnabled: false, pageLoadStrategy: normal, platformName: windows, proxy: Proxy(), se:cdp: ws://localhost:54227/devtoo..., se:cdpVersion: 141.0.7390.108, setWindowRect: true, strictFileInteractability: false, timeouts: {implicit: 0, pageLoad: 300000, script: 30000}, unhandledPromptBehavior: dismiss and notify, webauthn:extension:credBlob: true, webauthn:extension:largeBlob: true, webauthn:extension:minPinLength: true, webauthn:extension:prf: true, webauthn:virtualAuthenticators: true}
Session ID: 9a0d65a67494db4b92ecd7fd9ebb2fe8
at org.openqa.selenium.support.ui.WebDriverWait.timeoutException(WebDriverWait.java:84)
at org.openqa.selenium.support.ui.FluentWait.until(FluentWait.java:228)
at com.itg.training.lancome.pages.LoginPage.verifyAccountWelcomeMessageText(LoginPage.java:44)
at com.itg.training.lancome.validation.HomeValidation.verifyAccountWelcomeText(HomeValidation.java:68)
... 27 more
... Removed 25 stack frames]]>
    </failure>
  </testcase> <!-- verifyAccountWelcomeText -->
</testsuite> <!-- Lancome Smoke Tests -->
