<!DOCTYPE html PUBLIC "-//W3C//DTD XHTML 1.1//EN" "https://www.w3.org/TR/xhtml11/DTD/xhtml11.dtd">
<html xmlns="https://www.w3.org/1999/xhtml">
<head>
<meta http-equiv="content-type" content="text/html; charset=UTF-8"/>
<title>TestNG Report</title>
<style type="text/css">table {margin-bottom:10px;border-collapse:collapse;empty-cells:show}th,td {border:1px solid #009;padding:.25em .5em}th {vertical-align:bottom}td {vertical-align:top}table a {font-weight:bold}.stripe td {background-color: #E6EBF9}.num {text-align:right}.passedodd td {background-color: #3F3}.passedeven td {background-color: #0A0}.skippedodd td {background-color: #DDD}.skippedeven td {background-color: #CCC}.failedodd td,.attn {background-color: #F33}.failedeven td,.stripe .attn {background-color: #D00}.stacktrace {white-space:pre;font-family:monospace}.totop {font-size:85%;text-align:center;border-bottom:2px solid #000}.invisible {display:none}</style>
</head>
<body>
<table>
<tr><th>Test</th><th># Passed</th><th># Skipped</th><th># Retried</th><th># Failed</th><th>Time (ms)</th><th>Included Groups</th><th>Excluded Groups</th></tr>
<tr><th colspan="8">Lancome Selenium Suite</th></tr>
<tr><td><a href="#t0">Smoke Tests</a></td><td class="num">4</td><td class="num">0</td><td class="num">0</td><td class="num attn">2</td><td class="num">23,568</td><td></td><td></td></tr>
</table>
<table id='summary'><thead><tr><th>Class</th><th>Method</th><th>Start</th><th>Time (ms)</th></tr></thead><tbody><tr><th colspan="4">Lancome Selenium Suite</th></tr></tbody><tbody id="t0"><tr><th colspan="4">Smoke Tests &#8212; failed</th></tr><tr class="failedeven"><td rowspan="2">com.itg.training.lancome.FirstSeleniumTest</td><td><a href="#m0">verifyAccountWelcomeText</a></td><td rowspan="1">1761260113089</td><td rowspan="1">154</td></tr><tr class="failedeven"><td><a href="#m1">verifyUserLoggedIn</a></td><td rowspan="1">1761260112899</td><td rowspan="1">183</td></tr><tr><th colspan="4">Smoke Tests &#8212; passed</th></tr><tr class="passedeven"><td rowspan="4">com.itg.training.lancome.FirstSeleniumTest</td><td><a href="#m2">clickSignInRegister</a></td><td rowspan="1">1761260101904</td><td rowspan="1">5162</td></tr><tr class="passedeven"><td><a href="#m3">loginWithValidCredentials</a></td><td rowspan="1">1761260107121</td><td rowspan="1">5771</td></tr><tr class="passedeven"><td><a href="#m4">verifyLogo</a></td><td rowspan="1">1761260101850</td><td rowspan="1">47</td></tr><tr class="passedeven"><td><a href="#m5">verifyWelcomeMessage</a></td><td rowspan="1">1761260107075</td><td rowspan="1">43</td></tr></tbody>
</table>
<h2>Smoke Tests</h2><h3 id="m0">com.itg.training.lancome.FirstSeleniumTest#verifyAccountWelcomeText</h3><table class="result"><tr><th>Exception</th></tr><tr><td><div class="stacktrace">java.lang.AssertionError: ❌ Unexpected error during welcome text check: no such element: Unable to locate element: {&quot;method&quot;:&quot;xpath&quot;,&quot;selector&quot;:&quot;//p[contains(normalize-space(),&apos;Welcome to your account at Ballard Designs&apos;)]&quot;}
  (Session info: chrome=141.0.7390.108)
For documentation on this error, please visit: https://www.selenium.dev/documentation/webdriver/troubleshooting/errors#no-such-element-exception
Build info: version: &apos;4.24.0&apos;, revision: &apos;748ffc9bc3&apos;
System info: os.name: &apos;Windows 11&apos;, os.arch: &apos;amd64&apos;, os.version: &apos;10.0&apos;, java.version: &apos;21.0.8&apos;
Driver info: org.openqa.selenium.chrome.ChromeDriver
Command: [b369c7557d4a08b1ee6fc4b6aad21597, findElement {value=//p[contains(normalize-space(),&apos;Welcome to your account at Ballard Designs&apos;)], using=xpath}]
Capabilities {acceptInsecureCerts: false, browserName: chrome, browserVersion: 141.0.7390.108, chrome: {chromedriverVersion: 141.0.7390.78 (2b53b0e231fc..., userDataDir: C:\Users\ADMINI~1\AppData\L...}, fedcm:accounts: true, goog:chromeOptions: {debuggerAddress: localhost:55847}, networkConnectionEnabled: false, pageLoadStrategy: normal, platformName: windows, proxy: Proxy(), se:cdp: ws://localhost:55847/devtoo..., se:cdpVersion: 141.0.7390.108, setWindowRect: true, strictFileInteractability: false, timeouts: {implicit: 0, pageLoad: 300000, script: 30000}, unhandledPromptBehavior: dismiss and notify, webauthn:extension:credBlob: true, webauthn:extension:largeBlob: true, webauthn:extension:minPinLength: true, webauthn:extension:prf: true, webauthn:virtualAuthenticators: true}
Session ID: b369c7557d4a08b1ee6fc4b6aad21597
	at com.itg.training.lancome.FirstSeleniumTest.verifyAccountWelcomeText(FirstSeleniumTest.java:145)
	at java.base/java.util.ArrayList.forEach(ArrayList.java:1596)
... Removed 26 stack frames</div></td></tr></table><p class="totop"><a href="#summary">back to summary</a></p>
<h3 id="m1">com.itg.training.lancome.FirstSeleniumTest#verifyUserLoggedIn</h3><table class="result"><tr><th>Exception</th></tr><tr><td><div class="stacktrace">java.lang.AssertionError: ❌ Assertion failed: ❌ Link text not changed! expected [My Account] but found []
	at com.itg.training.lancome.FirstSeleniumTest.verifyUserLoggedIn(FirstSeleniumTest.java:120)
	at java.base/java.util.ArrayList.forEach(ArrayList.java:1596)
... Removed 26 stack frames</div></td></tr></table><p class="totop"><a href="#summary">back to summary</a></p>
<h3 id="m2">com.itg.training.lancome.FirstSeleniumTest#clickSignInRegister</h3><table class="result"><tr><th class="invisible"/></tr></table><p class="totop"><a href="#summary">back to summary</a></p>
<h3 id="m3">com.itg.training.lancome.FirstSeleniumTest#loginWithValidCredentials</h3><table class="result"><tr><th class="invisible"/></tr></table><p class="totop"><a href="#summary">back to summary</a></p>
<h3 id="m4">com.itg.training.lancome.FirstSeleniumTest#verifyLogo</h3><table class="result"><tr><th class="invisible"/></tr></table><p class="totop"><a href="#summary">back to summary</a></p>
<h3 id="m5">com.itg.training.lancome.FirstSeleniumTest#verifyWelcomeMessage</h3><table class="result"><tr><th class="invisible"/></tr></table><p class="totop"><a href="#summary">back to summary</a></p>
</body>
</html>
